============================= test session starts =============================
platform win32 -- Python 3.11.9, pytest-9.0.2, pluggy-1.6.0
rootdir: E:\ai_interview\ai-interview-app\ml
plugins: anyio-4.12.1
collected 4 items / 1 error

=================================== ERRORS ====================================
_______________ ERROR collecting tests/test_ats_logic_mocked.py _______________
tests\test_ats_logic_mocked.py:41: in <module>
    assert "skill_gaps" in res
E   AssertionError: assert 'skill_gaps' in {'algorithmic_score': np.float64(16.67), 'combined_score': np.float64(16.67), 'experience_score': 0.0, 'formatting': {... (20 words ù aim for 300-600)'], 'score_penalty': 6, 'sections_found': ['experience', 'skills', 'projects'], ...}, ...}
------------------------------- Captured stdout -------------------------------
--- ANALYSIS RESULT ---
algorithmic_score: 16.67
llm_score: None
combined_score: 16.67
tfidf_score: 9.94
semantic_score: 32.45000076293945
skill_match_score: 40.0
experience_score: 0.0
keyword_match_score: 50.0
spelling: {'error_count': 3, 'errors': ['experience', 'years', 'built'], 'score_penalty': 3}
formatting: {'issues': ['No email address detected', 'No phone number detected', 'Resume too short (20 words ù aim for 300-600)'], 'issue_count': 3, 'score_penalty': 6, 'word_count': 20, 'sections_found': ['experience', 'skills', 'projects']}
missing_skills: ['react', 'api', 'fastapi']
matched_skills: ['python', 'docker']
suggestions: ['Consider adding these skills: react, api, fastapi']
match_score: 16.67
=========================== short test summary info ===========================
ERROR tests/test_ats_logic_mocked.py - AssertionError: assert 'skill_gaps' in...
!!!!!!!!!!!!!!!!!!! Interrupted: 1 error during collection !!!!!!!!!!!!!!!!!!!!
============================== 1 error in 11.54s ==============================
